2025-05-25 18:56:15,122 CRIT Supervisor is running as root.  Privileges were not dropped because no user is specified in the config file.  If you intend to run as root, you can set user=root in the config file to avoid this message.
2025-05-25 18:56:15,129 INFO supervisord started with pid 1
2025-05-25 18:56:16,134 INFO spawned: 'nginx' with pid 314
2025-05-25 18:56:16,141 INFO spawned: 'php-fpm' with pid 315
2025-05-25 18:56:16,151 INFO spawned: 'queue' with pid 316
2025-05-25 18:56:16,403 WARN exited: queue (exit status 1; not expected)
2025-05-25 18:56:17,405 INFO success: nginx entered RUNNING state, process has stayed up for > than 1 seconds (startsecs)
2025-05-25 18:56:17,406 INFO success: php-fpm entered RUNNING state, process has stayed up for > than 1 seconds (startsecs)
2025-05-25 18:56:17,407 INFO spawned: 'queue' with pid 331
2025-05-25 18:56:17,640 WARN exited: queue (exit status 1; not expected)
2025-05-25 18:56:20,642 INFO spawned: 'queue' with pid 336
2025-05-25 18:56:20,856 WARN exited: queue (exit status 1; not expected)
2025-05-25 18:56:23,864 INFO spawned: 'queue' with pid 341
2025-05-25 18:56:24,076 WARN exited: queue (exit status 1; not expected)
2025-05-25 18:56:25,078 INFO gave up: queue entered FATAL state, too many start retries too quickly
2025-05-25 19:00:41,387 INFO reaped unknown pid 615 (exit status 0)
2025-05-25 19:01:23,442 INFO reaped unknown pid 740 (exit status 0)
2025-05-25 19:13:14,366 INFO reaped unknown pid 767 (terminated by SIGKILL)
2025-05-25 19:13:14,367 INFO reaped unknown pid 766 (terminated by SIGKILL)
2025-05-25 19:15:12,532 INFO reaped unknown pid 772 (terminated by SIGKILL)
2025-05-25 21:32:34,777 INFO reaped unknown pid 776 (terminated by SIGKILL)
2025-05-25 21:33:56,899 INFO reaped unknown pid 779 (terminated by SIGKILL)
2025-05-25 21:33:56,900 INFO reaped unknown pid 771 (terminated by SIGKILL)
2025-05-25 21:34:15,921 INFO reaped unknown pid 817 (exit status 0)
2025-05-25 21:34:53,932 INFO reaped unknown pid 840 (terminated by SIGKILL)
2025-05-25 21:34:59,940 INFO reaped unknown pid 844 (terminated by SIGKILL)
2025-05-25 21:35:25,982 INFO reaped unknown pid 847 (terminated by SIGKILL)
2025-05-25 21:35:47,062 INFO reaped unknown pid 850 (terminated by SIGKILL)
2025-05-25 21:35:47,063 INFO reaped unknown pid 839 (terminated by SIGKILL)
2025-05-25 21:36:23,112 INFO reaped unknown pid 857 (terminated by SIGKILL)
2025-05-25 21:37:11,731 INFO reaped unknown pid 861 (terminated by SIGKILL)
2025-05-25 21:37:13,735 INFO reaped unknown pid 864 (terminated by SIGKILL)
2025-05-25 21:37:18,743 INFO reaped unknown pid 867 (terminated by SIGKILL)
2025-05-25 21:37:20,748 INFO reaped unknown pid 870 (terminated by SIGKILL)
2025-05-25 21:38:05,812 INFO reaped unknown pid 789 (terminated by SIGKILL)
2025-05-25 21:43:44,255 INFO reaped unknown pid 880 (terminated by SIGKILL)
2025-05-25 21:43:44,256 INFO reaped unknown pid 788 (terminated by SIGKILL)
2025-05-25 21:43:58,274 INFO reaped unknown pid 907 (exit status 0)
2025-05-25 21:46:29,843 INFO reaped unknown pid 930 (terminated by SIGKILL)
2025-05-25 21:46:37,857 INFO reaped unknown pid 873 (terminated by SIGKILL)
2025-05-25 21:46:37,858 INFO reaped unknown pid 856 (terminated by SIGKILL)
2025-05-25 21:46:52,878 INFO reaped unknown pid 961 (exit status 0)
2025-05-25 21:47:06,895 INFO reaped unknown pid 934 (terminated by SIGKILL)
2025-05-25 21:47:43,943 INFO reaped unknown pid 983 (terminated by SIGKILL)
2025-05-25 21:47:58,961 INFO reaped unknown pid 1011 (exit status 0)
2025-05-25 21:48:15,458 INFO reaped unknown pid 937 (terminated by SIGKILL)
2025-05-25 21:48:16,461 INFO reaped unknown pid 987 (terminated by SIGKILL)
2025-05-25 21:48:17,465 INFO reaped unknown pid 1035 (terminated by SIGKILL)
2025-05-25 21:48:18,466 INFO reaped unknown pid 1038 (terminated by SIGKILL)
2025-05-25 21:48:18,467 INFO reaped unknown pid 1041 (terminated by SIGKILL)
2025-05-25 21:48:19,469 INFO reaped unknown pid 1044 (terminated by SIGKILL)
2025-05-25 21:48:20,471 INFO reaped unknown pid 1047 (terminated by SIGKILL)
2025-05-25 21:48:21,474 INFO reaped unknown pid 1050 (terminated by SIGKILL)
2025-05-25 21:48:21,475 INFO reaped unknown pid 1053 (terminated by SIGKILL)
2025-05-25 21:48:22,478 INFO reaped unknown pid 1056 (terminated by SIGKILL)
2025-05-25 21:48:23,480 INFO reaped unknown pid 1059 (terminated by SIGKILL)
2025-05-25 21:48:24,482 INFO reaped unknown pid 1062 (terminated by SIGKILL)
2025-05-25 21:48:24,483 INFO reaped unknown pid 1065 (terminated by SIGKILL)
2025-05-25 21:48:25,484 INFO reaped unknown pid 1068 (terminated by SIGKILL)
2025-05-25 21:48:26,487 INFO reaped unknown pid 1071 (terminated by SIGKILL)
2025-05-25 21:48:27,490 INFO reaped unknown pid 1074 (terminated by SIGKILL)
2025-05-25 21:48:28,492 INFO reaped unknown pid 1077 (terminated by SIGKILL)
2025-05-25 21:48:29,490 INFO reaped unknown pid 1080 (terminated by SIGKILL)
2025-05-25 21:48:30,493 INFO reaped unknown pid 1083 (terminated by SIGKILL)
2025-05-25 21:48:30,494 INFO reaped unknown pid 1086 (terminated by SIGKILL)
2025-05-25 21:48:31,497 INFO reaped unknown pid 1089 (terminated by SIGKILL)
2025-05-25 22:09:32,157 INFO reaped unknown pid 1092 (terminated by SIGKILL)
2025-05-25 22:09:32,158 INFO reaped unknown pid 929 (terminated by SIGKILL)
